\BOOKMARK [-1][-]{part.1}{I\040Meccanica\040di\040Newton}{}% 1
\BOOKMARK [0][-]{chapter.1}{Cinematica}{part.1}% 2
\BOOKMARK [1][-]{section.1.1}{Cinematica\040del\040punto}{chapter.1}% 3
\BOOKMARK [2][-]{subsection.1.1.1}{Posizione}{section.1.1}% 4
\BOOKMARK [2][-]{subsection.1.1.2}{Velocità}{section.1.1}% 5
\BOOKMARK [2][-]{subsection.1.1.3}{Accelerazione}{section.1.1}% 6
\BOOKMARK [2][-]{subsection.1.1.4}{Parametrizzazione\040della\040traiettoria,\040coordinata\040naturale\040e\040terna\040di\040Frenet}{section.1.1}% 7
\BOOKMARK [1][-]{section.1.2}{Cinematica\040del\040corpo\040rigido}{chapter.1}% 8
\BOOKMARK [2][-]{subsection.1.2.1}{Tensore\040di\040rotazione}{section.1.2}% 9
\BOOKMARK [2][-]{subsection.1.2.2}{Velocità}{section.1.2}% 10
\BOOKMARK [2][-]{subsection.1.2.3}{Accelerazione}{section.1.2}% 11
\BOOKMARK [1][-]{section.1.3}{Cinematica\040di\040mezzi\040continui}{chapter.1}% 12
\BOOKMARK [1][-]{section.1.4}{Cinematica\040relativa}{chapter.1}% 13
\BOOKMARK [0][-]{chapter.2}{Azioni}{part.1}% 14
\BOOKMARK [1][-]{section.2.1}{Forze,\040momenti,\040forze\040distribuite}{chapter.2}% 15
\BOOKMARK [1][-]{section.2.2}{Lavoro\040e\040potenza}{chapter.2}% 16
\BOOKMARK [2][-]{subsection.2.2.1}{Lavoro\040e\040potenza\040di\040una\040forza}{section.2.2}% 17
\BOOKMARK [2][-]{subsection.2.2.2}{Lavoro\040e\040potenza\040di\040una\040coppia\040di\040forze}{section.2.2}% 18
\BOOKMARK [1][-]{section.2.3}{Azioni\040conservative}{chapter.2}% 19
\BOOKMARK [1][-]{section.2.4}{Reazioni\040vincolari}{chapter.2}% 20
\BOOKMARK [2][-]{subsection.2.4.1}{Esempi\0402D}{section.2.4}% 21
\BOOKMARK [2][-]{subsection.2.4.2}{Esempi\0403D}{section.2.4}% 22
\BOOKMARK [1][-]{section.2.5}{Esempi}{chapter.2}% 23
\BOOKMARK [0][-]{chapter.3}{Inertia}{part.1}% 24
\BOOKMARK [0][-]{chapter.4}{Dinamica}{part.1}% 25
\BOOKMARK [1][-]{section.4.1}{Principi\040della\040dinamica}{chapter.4}% 26
\BOOKMARK [1][-]{section.4.2}{Equazioni\040cardinali\040della\040dinamica}{chapter.4}% 27
\BOOKMARK [2][-]{subsection.4.2.1}{Equazioni\040cardinali}{section.4.2}% 28
\BOOKMARK [2][-]{subsection.4.2.2}{Principi\040di\040conservazione}{section.4.2}% 29
\BOOKMARK [2][-]{subsection.4.2.3}{Equazioni\040cardinali\040della\040dinamica:\040punto\040materiale}{section.4.2}% 30
\BOOKMARK [2][-]{subsection.4.2.4}{Equazioni\040cardinali\040della\040dinamica:\040sistemi\040discreti\040di\040punti\040materiali}{section.4.2}% 31
\BOOKMARK [2][-]{subsection.4.2.5}{Equazioni\040cardinali\040della\040dinamica:\040corpo\040rigido}{section.4.2}% 32
\BOOKMARK [2][-]{subsection.4.2.6}{Equazioni\040cardinali\040della\040dinamica:\040mezzi\040continui}{section.4.2}% 33
\BOOKMARK [1][-]{section.4.3}{Moti\040particolari}{chapter.4}% 34
\BOOKMARK [2][-]{subsection.4.3.1}{Gravitazione:\040problema\040dei\040due\040corpi}{section.4.3}% 35
\BOOKMARK [-1][-]{part.2}{II\040Meccanica\040analitica}{}% 36
\BOOKMARK [0][-]{chapter.5}{Meccanica\040analitica:\040formulazione\040di\040Lagrange}{part.2}% 37
\BOOKMARK [1][-]{section.5.1}{Punto\040materiale}{chapter.5}% 38
\BOOKMARK [1][-]{section.5.2}{Sistemi\040di\040punti}{chapter.5}% 39
\BOOKMARK [1][-]{section.5.3}{Corpo\040rigido}{chapter.5}% 40
\BOOKMARK [0][-]{chapter.6}{Meccanica\040analitica:\040formulazione\040di\040Hamilton}{part.2}% 41
